<?xml version="1.0" encoding="UTF-8"?>
<testng-results skipped="0" failed="0" ignored="0" total="2" passed="2">
  <reporter-output>
  </reporter-output>
  <suite name="Suite" duration-ms="23410" started-at="2020-05-02T21:04:34Z" finished-at="2020-05-02T21:04:58Z">
    <groups>
      <group name="cucumber">
        <method signature="AbstractTestNGCucumberTests.feature(cucumber.api.testng.CucumberFeatureWrapper)[pri:0, instance:com.usa.myrunner.HomepageRunner@557caf28]" name="feature" class="cucumber.api.testng.AbstractTestNGCucumberTests"/>
        <method signature="AbstractTestNGCucumberTests.feature(cucumber.api.testng.CucumberFeatureWrapper)[pri:0, instance:com.usa.myrunner.LoginRunner@75d4a5c2]" name="feature" class="cucumber.api.testng.AbstractTestNGCucumberTests"/>
      </group> <!-- cucumber -->
    </groups>
    <test name="Test" duration-ms="23410" started-at="2020-05-02T21:04:34Z" finished-at="2020-05-02T21:04:58Z">
      <class name="com.usa.myrunner.HomepageRunner">
        <test-method status="PASS" signature="setUpClass()[pri:0, instance:com.usa.myrunner.HomepageRunner@557caf28]" name="setUpClass" is-config="true" duration-ms="22" started-at="2020-05-02T21:04:51Z" finished-at="2020-05-02T21:04:51Z">
          <reporter-output>
          </reporter-output>
        </test-method> <!-- setUpClass -->
        <test-method status="PASS" signature="feature(cucumber.api.testng.CucumberFeatureWrapper)[pri:0, instance:com.usa.myrunner.HomepageRunner@557caf28]" name="feature" duration-ms="6875" started-at="2020-05-02T21:04:51Z" description="Runs Cucumber Feature" data-provider="features" finished-at="2020-05-02T21:04:58Z">
          <params>
            <param index="0">
              <value>
                <![CDATA[user should be able search items and check out]]>
              </value>
            </param>
          </params>
          <reporter-output>
          </reporter-output>
        </test-method> <!-- feature -->
        <test-method status="PASS" signature="tearDownClass()[pri:0, instance:com.usa.myrunner.HomepageRunner@557caf28]" name="tearDownClass" is-config="true" duration-ms="7" started-at="2020-05-02T21:04:58Z" finished-at="2020-05-02T21:04:58Z">
          <reporter-output>
          </reporter-output>
        </test-method> <!-- tearDownClass -->
      </class> <!-- com.usa.myrunner.HomepageRunner -->
      <class name="com.usa.myrunner.LoginRunner">
        <test-method status="PASS" signature="setUpClass()[pri:0, instance:com.usa.myrunner.LoginRunner@75d4a5c2]" name="setUpClass" is-config="true" duration-ms="200" started-at="2020-05-02T21:04:34Z" finished-at="2020-05-02T21:04:34Z">
          <reporter-output>
          </reporter-output>
        </test-method> <!-- setUpClass -->
        <test-method status="PASS" signature="feature(cucumber.api.testng.CucumberFeatureWrapper)[pri:0, instance:com.usa.myrunner.LoginRunner@75d4a5c2]" name="feature" duration-ms="16167" started-at="2020-05-02T21:04:35Z" description="Runs Cucumber Feature" data-provider="features" finished-at="2020-05-02T21:04:51Z">
          <params>
            <param index="0">
              <value>
                <![CDATA[Log in to automationpractice application]]>
              </value>
            </param>
          </params>
          <reporter-output>
          </reporter-output>
        </test-method> <!-- feature -->
        <test-method status="PASS" signature="tearDownClass()[pri:0, instance:com.usa.myrunner.LoginRunner@75d4a5c2]" name="tearDownClass" is-config="true" duration-ms="17" started-at="2020-05-02T21:04:51Z" finished-at="2020-05-02T21:04:51Z">
          <reporter-output>
          </reporter-output>
        </test-method> <!-- tearDownClass -->
      </class> <!-- com.usa.myrunner.LoginRunner -->
    </test> <!-- Test -->
  </suite> <!-- Suite -->
</testng-results>
